2021-03-28 19:56:37.287 - INFO - 26964 - azureml.automl.core.dataset_utilities._save_datasets_to_json:148 - JSON serialization of input of type <class 'NoneType'> is un-supported.
2021-03-28 19:56:37.295 - INFO - 26964 - azureml.automl.core.dataset_utilities._save_datasets_to_json:148 - JSON serialization of input of type <class 'NoneType'> is un-supported.
2021-03-28 19:56:37.297 - INFO - 26964 - azureml.train.automl._experiment_drivers.driver_utilities.validate_input:105 - Start data validation.
2021-03-28 19:56:37.342 - CRITICAL - 26964 - azureml.train.automl._experiment_drivers.driver_utilities.log_traceback:224 - Type: Unclassified
Class: ValueError
Message: experiment_id should not be None.
Traceback:
  File "driver_utilities.py", line 114, in validate_input
    validation_results = experiment_state.jasmine_client.post_validate_service(parent_run_dto)
  File "jasmine_client.py", line 60, in post_validate_service
    self._client.jasmine.validate_run_input, create_parent_run_dto)
  File "experiment_client.py", line 261, in _execute_with_experimentid_arguments
    raise ValueError("experiment_id should not be None.")

ExceptionTarget: Unspecified
2021-03-28 19:56:37.342 - WARNING - 26964 - azureml.train.automl._experiment_drivers.driver_utilities.validate_input:122 - Validation service meet exceptions, continue training now.
2021-03-28 20:26:33.522 - INFO - 26964 - azureml.automl.runtime.distributed.utilities.horovod_initialized:58 - Horovod not found in current environment. Distribution via Horovod will be disabled.
2021-03-28 20:26:38.041 - INFO - 26964 - azureml.automl.runtime.featurization.data_transformer.__init__:174 - Feature sweeping enabled: False
2021-03-28 20:26:38.042 - INFO - 26964 - azureml.automl.runtime.featurization.data_transformer.__init__:175 - Feature sweeping timeout: 86400
2021-03-28 20:29:47.633 - INFO - 26964 - azureml.automl.runtime.featurization.data_transformer.__init__:174 - Feature sweeping enabled: False
2021-03-28 20:29:47.736 - INFO - 26964 - azureml.automl.runtime.featurization.data_transformer.__init__:175 - Feature sweeping timeout: 86400
2021-03-28 20:32:48.736 - INFO - 26964 - azureml.automl.runtime.featurization.data_transformer.__init__:174 - Feature sweeping enabled: False
2021-03-28 20:32:48.760 - INFO - 26964 - azureml.automl.runtime.featurization.data_transformer.__init__:175 - Feature sweeping timeout: 86400
2021-03-28 20:36:13.230 - INFO - 26964 - azureml.automl.runtime.featurization.data_transformer.__init__:174 - Feature sweeping enabled: False
2021-03-28 20:36:13.255 - INFO - 26964 - azureml.automl.runtime.featurization.data_transformer.__init__:175 - Feature sweeping timeout: 86400
2021-03-28 20:36:36.368 - INFO - 26964 - azureml.automl.runtime.featurization.data_transformer.__init__:174 - Feature sweeping enabled: False
2021-03-28 20:36:36.401 - INFO - 26964 - azureml.automl.runtime.featurization.data_transformer.__init__:175 - Feature sweeping timeout: 86400
2021-03-28 21:17:42.789 - INFO - 26964 - azureml.automl.runtime.featurization.data_transformer.__init__:174 - Feature sweeping enabled: False
2021-03-28 21:17:42.814 - INFO - 26964 - azureml.automl.runtime.featurization.data_transformer.__init__:175 - Feature sweeping timeout: 86400
2021-03-28 21:19:17.864 - INFO - 26964 - azureml.automl.runtime.featurization.data_transformer.__init__:174 - Feature sweeping enabled: False
2021-03-28 21:19:17.907 - INFO - 26964 - azureml.automl.runtime.featurization.data_transformer.__init__:175 - Feature sweeping timeout: 86400
2021-03-28 21:19:53.868 - INFO - 26964 - azureml.automl.runtime.featurization.data_transformer.__init__:174 - Feature sweeping enabled: False
2021-03-28 21:19:53.891 - INFO - 26964 - azureml.automl.runtime.featurization.data_transformer.__init__:175 - Feature sweeping timeout: 86400
